# JRE version: Java(TM) SE Runtime Environment (13.0+33) (build 13+33)
# Java VM: Java HotSpot(TM) 64-Bit Server VM (13+33, mixed mode, sharing, tiered, compressed oops, g1 gc, windows-amd64)
Heap:
 garbage-first heap   total 43008K, used 26052K [0x0000000082600000, 0x0000000100000000)
  region size 1024K, 13 young (13312K), 1 survivors (1024K)
 Metaspace       used 26845K, capacity 27368K, committed 27648K, reserved 1073152K
  class space    used 2828K, capacity 3024K, committed 3072K, reserved 1048576K
GC Heap History (20 events):
Event: 131.703 GC heap before
{Heap before GC invocations=23 (full 0):
 garbage-first heap   total 43008K, used 27403K [0x0000000082600000, 0x0000000100000000)
  region size 1024K, 14 young (14336K), 1 survivors (1024K)
 Metaspace       used 26513K, capacity 27040K, committed 27136K, reserved 1073152K
  class space    used 2827K, capacity 3023K, committed 3072K, reserved 1048576K
}
Event: 131.703 GC heap after
{Heap after GC invocations=24 (full 0):
 garbage-first heap   total 43008K, used 15206K [0x0000000082600000, 0x0000000100000000)
  region size 1024K, 1 young (1024K), 1 survivors (1024K)
 Metaspace       used 26513K, capacity 27040K, committed 27136K, reserved 1073152K
  class space    used 2827K, capacity 3023K, committed 3072K, reserved 1048576K
}
Event: 134.470 GC heap before
{Heap before GC invocations=24 (full 0):
 garbage-first heap   total 43008K, used 28518K [0x0000000082600000, 0x0000000100000000)
  region size 1024K, 15 young (15360K), 1 survivors (1024K)
 Metaspace       used 26595K, capacity 27105K, committed 27392K, reserved 1073152K
  class space    used 2827K, capacity 3023K, committed 3072K, reserved 1048576K
}
Event: 134.471 GC heap after
{Heap after GC invocations=25 (full 0):
 garbage-first heap   total 43008K, used 15367K [0x0000000082600000, 0x0000000100000000)
  region size 1024K, 1 young (1024K), 1 survivors (1024K)
 Metaspace       used 26595K, capacity 27105K, committed 27392K, reserved 1073152K
  class space    used 2827K, capacity 3023K, committed 3072K, reserved 1048576K
}
Event: 137.046 GC heap before
{Heap before GC invocations=25 (full 0):
 garbage-first heap   total 43008K, used 28679K [0x0000000082600000, 0x0000000100000000)
  region size 1024K, 15 young (15360K), 1 survivors (1024K)
 Metaspace       used 26649K, capacity 27105K, committed 27392K, reserved 1073152K
  class space    used 2827K, capacity 3023K, committed 3072K, reserved 1048576K
}
Event: 137.047 GC heap after
{Heap after GC invocations=26 (full 0):
 garbage-first heap   total 43008K, used 15440K [0x0000000082600000, 0x0000000100000000)
  region size 1024K, 1 young (1024K), 1 survivors (1024K)
 Metaspace       used 26649K, capacity 27105K, committed 27392K, reserved 1073152K
  class space    used 2827K, capacity 3023K, committed 3072K, reserved 1048576K
}
Event: 140.184 GC heap before
{Heap before GC invocations=26 (full 0):
 garbage-first heap   total 43008K, used 29776K [0x0000000082600000, 0x0000000100000000)
  region size 1024K, 16 young (16384K), 1 survivors (1024K)
 Metaspace       used 26667K, capacity 27169K, committed 27392K, reserved 1073152K
  class space    used 2827K, capacity 3023K, committed 3072K, reserved 1048576K
}
Event: 140.185 GC heap after
{Heap after GC invocations=27 (full 0):
 garbage-first heap   total 43008K, used 15558K [0x0000000082600000, 0x0000000100000000)
  region size 1024K, 1 young (1024K), 1 survivors (1024K)
 Metaspace       used 26667K, capacity 27169K, committed 27392K, reserved 1073152K
  class space    used 2827K, capacity 3023K, committed 3072K, reserved 1048576K
}
Event: 142.448 GC heap before
{Heap before GC invocations=27 (full 0):
 garbage-first heap   total 43008K, used 29894K [0x0000000082600000, 0x0000000100000000)
  region size 1024K, 16 young (16384K), 1 survivors (1024K)
 Metaspace       used 26682K, capacity 27170K, committed 27392K, reserved 1073152K
  class space    used 2827K, capacity 3023K, committed 3072K, reserved 1048576K
}
Event: 142.449 GC heap after
{Heap after GC invocations=28 (full 0):
 garbage-first heap   total 43008K, used 15533K [0x0000000082600000, 0x0000000100000000)
  region size 1024K, 1 young (1024K), 1 survivors (1024K)
 Metaspace       used 26682K, capacity 27170K, committed 27392K, reserved 1073152K
  class space    used 2827K, capacity 3023K, committed 3072K, reserved 1048576K
}
Event: 144.831 GC heap before
{Heap before GC invocations=28 (full 0):
 garbage-first heap   total 43008K, used 29869K [0x0000000082600000, 0x0000000100000000)
  region size 1024K, 16 young (16384K), 1 survivors (1024K)
 Metaspace       used 26685K, capacity 27170K, committed 27392K, reserved 1073152K
  class space    used 2827K, capacity 3023K, committed 3072K, reserved 1048576K
}
Event: 144.832 GC heap after
{Heap after GC invocations=29 (full 0):
 garbage-first heap   total 43008K, used 15576K [0x0000000082600000, 0x0000000100000000)
  region size 1024K, 1 young (1024K), 1 survivors (1024K)
 Metaspace       used 26685K, capacity 27170K, committed 27392K, reserved 1073152K
  class space    used 2827K, capacity 3023K, committed 3072K, reserved 1048576K
}
Event: 147.331 GC heap before
{Heap before GC invocations=29 (full 0):
 garbage-first heap   total 43008K, used 30936K [0x0000000082600000, 0x0000000100000000)
  region size 1024K, 17 young (17408K), 1 survivors (1024K)
 Metaspace       used 26688K, capacity 27170K, committed 27392K, reserved 1073152K
  class space    used 2827K, capacity 3023K, committed 3072K, reserved 1048576K
}
Event: 147.332 GC heap after
{Heap after GC invocations=30 (full 0):
 garbage-first heap   total 43008K, used 15581K [0x0000000082600000, 0x0000000100000000)
  region size 1024K, 1 young (1024K), 1 survivors (1024K)
 Metaspace       used 26688K, capacity 27170K, committed 27392K, reserved 1073152K
  class space    used 2827K, capacity 3023K, committed 3072K, reserved 1048576K
}
Event: 149.727 GC heap before
{Heap before GC invocations=30 (full 0):
 garbage-first heap   total 43008K, used 30941K [0x0000000082600000, 0x0000000100000000)
  region size 1024K, 17 young (17408K), 1 survivors (1024K)
 Metaspace       used 26690K, capacity 27170K, committed 27392K, reserved 1073152K
  class space    used 2827K, capacity 3023K, committed 3072K, reserved 1048576K
}
Event: 149.728 GC heap after
{Heap after GC invocations=31 (full 0):
 garbage-first heap   total 43008K, used 15612K [0x0000000082600000, 0x0000000100000000)
  region size 1024K, 1 young (1024K), 1 survivors (1024K)
 Metaspace       used 26690K, capacity 27170K, committed 27392K, reserved 1073152K
  class space    used 2827K, capacity 3023K, committed 3072K, reserved 1048576K
}
Event: 154.222 GC heap before
{Heap before GC invocations=31 (full 0):
 garbage-first heap   total 43008K, used 30972K [0x0000000082600000, 0x0000000100000000)
  region size 1024K, 17 young (17408K), 1 survivors (1024K)
 Metaspace       used 26753K, capacity 27234K, committed 27392K, reserved 1073152K
  class space    used 2827K, capacity 3023K, committed 3072K, reserved 1048576K
}
Event: 154.223 GC heap after
{Heap after GC invocations=32 (full 0):
 garbage-first heap   total 43008K, used 15743K [0x0000000082600000, 0x0000000100000000)
  region size 1024K, 1 young (1024K), 1 survivors (1024K)
 Metaspace       used 26753K, capacity 27234K, committed 27392K, reserved 1073152K
  class space    used 2827K, capacity 3023K, committed 3072K, reserved 1048576K
}
Event: 157.231 GC heap before
{Heap before GC invocations=32 (full 0):
 garbage-first heap   total 43008K, used 31103K [0x0000000082600000, 0x0000000100000000)
  region size 1024K, 17 young (17408K), 1 survivors (1024K)
 Metaspace       used 26831K, capacity 27298K, committed 27392K, reserved 1073152K
  class space    used 2827K, capacity 3023K, committed 3072K, reserved 1048576K
}
Event: 157.232 GC heap after
{Heap after GC invocations=33 (full 0):
 garbage-first heap   total 43008K, used 15812K [0x0000000082600000, 0x0000000100000000)
  region size 1024K, 1 young (1024K), 1 survivors (1024K)
 Metaspace       used 26831K, capacity 27298K, committed 27392K, reserved 1073152K
  class space    used 2827K, capacity 3023K, committed 3072K, reserved 1048576K
}

